build/app/intermediates/manifest_merge_blame_file/debug/manifest-merger-blame-debug-report.txt
1<?xml version="1.0" encoding="utf-8"?>
2<manifest xmlns:android="http://schemas.android.com/apk/res/android"
3    package="com.example.tarea910"
4    android:versionCode="1"
5    android:versionName="1.0.0" >
6
7    <uses-sdk
8        android:minSdkVersion="21"
9        android:targetSdkVersion="33" />
10    <!--
11         The INTERNET permission is required for development. Specifically,
12         the Flutter tool needs it to communicate with the running application
13         to allow setting breakpoints, to provide hot reload, etc.
14    -->
15    <uses-permission android:name="android.permission.INTERNET" />
15-->src\main\AndroidManifest.xml:2:5-66
15-->src\main\AndroidManifest.xml:2:22-64
16
17    <meta-data
17-->src\debug\AndroidManifest.xml:7:5-8:70
18        android:name="com.google.android.geo.api_key"
18-->src\debug\AndroidManifest.xml:7:16-61
19        android:value="AIzaSyA1xxgFdZ5NkGsUE52AjjJr0QolaowzVcQ" />
19-->src\debug\AndroidManifest.xml:8:13-68
20
21    <uses-permission android:name="android.permission.ACCESS_FINE_LOCATION" />
21-->src\main\AndroidManifest.xml:3:1-74
21-->src\main\AndroidManifest.xml:3:18-72
22    <uses-permission android:name="android.permission.ACCESS_COARSE_LOCATION" /> <!-- Include required permissions for Google Maps API to run. -->
22-->src\main\AndroidManifest.xml:4:1-76
22-->src\main\AndroidManifest.xml:4:18-74
23    <uses-permission android:name="android.permission.ACCESS_NETWORK_STATE" />
23-->[com.google.android.gms:play-services-maps:18.2.0] AndroidManifest.xml:23:5-79
23-->[com.google.android.gms:play-services-maps:18.2.0] AndroidManifest.xml:23:22-76
24
25    <uses-feature
25-->[com.google.android.gms:play-services-maps:18.2.0] AndroidManifest.xml:26:5-28:35
26        android:glEsVersion="0x00020000"
26-->[com.google.android.gms:play-services-maps:18.2.0] AndroidManifest.xml:27:9-41
27        android:required="true" />
27-->[com.google.android.gms:play-services-maps:18.2.0] AndroidManifest.xml:28:9-32
28
29    <queries>
29-->[com.google.android.gms:play-services-maps:18.2.0] AndroidManifest.xml:30:5-34:15
30
31        <!-- Needs to be explicitly declared on Android R+ -->
32        <package android:name="com.google.android.apps.maps" />
32-->[com.google.android.gms:play-services-maps:18.2.0] AndroidManifest.xml:33:9-64
32-->[com.google.android.gms:play-services-maps:18.2.0] AndroidManifest.xml:33:18-61
33    </queries>
34
35    <application
36        android:name="android.app.Application"
37        android:appComponentFactory="androidx.core.app.CoreComponentFactory"
37-->[androidx.core:core:1.6.0] AndroidManifest.xml:24:18-86
38        android:debuggable="true"
39        android:icon="@mipmap/ic_launcher"
40        android:label="tarea910" >
41
42        <!--
43            <meta-data android:name="com.google.android.geo.api_key"
44            android:value="AIzaSyCA05Ylid_x5hRmwg3sopsZhZ_PfMj59Dc"/>
45        -->
46
47        <meta-data
48            android:name="com.google.android.maps.v2.API_KEY"
49            android:value="AIzaSyCLyPc0B7SW6FSRnpinPHG49ujXCzc0Lo8" />
50
51        <activity
52            android:name="com.example.tarea910.MainActivity"
53            android:configChanges="orientation|keyboardHidden|keyboard|screenSize|smallestScreenSize|locale|layoutDirection|fontScale|screenLayout|density|uiMode"
54            android:exported="true"
55            android:hardwareAccelerated="true"
56            android:launchMode="singleTop"
57            android:theme="@style/LaunchTheme"
58            android:windowSoftInputMode="adjustResize" >
59            <meta-data
60                android:name="io.flutter.embedding.android.NormalTheme"
61                android:resource="@style/NormalTheme" />
62
63            <intent-filter>
64                <action android:name="android.intent.action.MAIN" />
65
66                <category android:name="android.intent.category.LAUNCHER" />
67            </intent-filter>
68        </activity>
69        <!--
70             Don't delete the meta-data below.
71             This is used by the Flutter tool to generate GeneratedPluginRegistrant.java
72        -->
73        <meta-data
74            android:name="flutterEmbedding"
75            android:value="2" />
76
77        <uses-library
77-->[androidx.window:window:1.0.0-beta04] AndroidManifest.xml:25:9-27:40
78            android:name="androidx.window.extensions"
78-->[androidx.window:window:1.0.0-beta04] AndroidManifest.xml:26:13-54
79            android:required="false" />
79-->[androidx.window:window:1.0.0-beta04] AndroidManifest.xml:27:13-37
80        <uses-library
80-->[androidx.window:window:1.0.0-beta04] AndroidManifest.xml:28:9-30:40
81            android:name="androidx.window.sidecar"
81-->[androidx.window:window:1.0.0-beta04] AndroidManifest.xml:29:13-51
82            android:required="false" /> <!-- Needs to be explicitly declared on P+ -->
82-->[androidx.window:window:1.0.0-beta04] AndroidManifest.xml:30:13-37
83        <uses-library
83-->[com.google.android.gms:play-services-maps:18.2.0] AndroidManifest.xml:39:9-41:40
84            android:name="org.apache.http.legacy"
84-->[com.google.android.gms:play-services-maps:18.2.0] AndroidManifest.xml:40:13-50
85            android:required="false" />
85-->[com.google.android.gms:play-services-maps:18.2.0] AndroidManifest.xml:41:13-37
86
87        <activity
87-->[com.google.android.gms:play-services-base:18.0.1] AndroidManifest.xml:20:9-22:45
88            android:name="com.google.android.gms.common.api.GoogleApiActivity"
88-->[com.google.android.gms:play-services-base:18.0.1] AndroidManifest.xml:20:19-85
89            android:exported="false"
89-->[com.google.android.gms:play-services-base:18.0.1] AndroidManifest.xml:22:19-43
90            android:theme="@android:style/Theme.Translucent.NoTitleBar" />
90-->[com.google.android.gms:play-services-base:18.0.1] AndroidManifest.xml:21:19-78
91
92        <meta-data
92-->[com.google.android.gms:play-services-basement:18.0.0] AndroidManifest.xml:21:9-23:69
93            android:name="com.google.android.gms.version"
93-->[com.google.android.gms:play-services-basement:18.0.0] AndroidManifest.xml:22:13-58
94            android:value="@integer/google_play_services_version" />
94-->[com.google.android.gms:play-services-basement:18.0.0] AndroidManifest.xml:23:13-66
95    </application>
96
97</manifest>